2025-02-18 23:46:03,214 [INFO ] com.soria.ApiInventarios.ApiInventariosApplication - Starting ApiInventariosApplication using Java 21.0.6 with PID 19860 (D:\propio\coppel\ApiPolizas\apiInventario\target\classes started by elias in D:\propio\coppel\ApiPolizas\apiInventario)
2025-02-18 23:46:03,229 [INFO ] com.soria.ApiInventarios.ApiInventariosApplication - No active profile set, falling back to 1 default profile: "default"
2025-02-18 23:46:03,398 [INFO ] org.springframework.boot.devtools.env.DevToolsPropertyDefaultsPostProcessor - Devtools property defaults active! Set 'spring.devtools.add-properties' to 'false' to disable
2025-02-18 23:46:03,398 [INFO ] org.springframework.boot.devtools.env.DevToolsPropertyDefaultsPostProcessor - For additional web related logging consider setting the 'logging.level.web' property to 'DEBUG'
2025-02-18 23:46:04,515 [INFO ] org.springframework.data.repository.config.RepositoryConfigurationDelegate - Bootstrapping Spring Data JDBC repositories in DEFAULT mode.
2025-02-18 23:46:04,554 [INFO ] org.springframework.data.repository.config.RepositoryConfigurationDelegate - Finished Spring Data repository scanning in 29 ms. Found 0 JDBC repository interfaces.
2025-02-18 23:46:05,814 [INFO ] org.springframework.boot.web.embedded.tomcat.TomcatWebServer - Tomcat initialized with port 9002 (http)
2025-02-18 23:46:05,945 [INFO ] org.springframework.boot.web.servlet.context.ServletWebServerApplicationContext - Root WebApplicationContext: initialization completed in 2545 ms
2025-02-18 23:46:06,863 [INFO ] com.zaxxer.hikari.HikariDataSource - HikariPool-1 - Starting...
2025-02-18 23:46:07,492 [INFO ] com.zaxxer.hikari.pool.HikariPool - HikariPool-1 - Added connection ConnectionID:1 ClientConnectionId: d8cac633-2d53-40f6-827a-c49553b2ee5c
2025-02-18 23:46:07,496 [INFO ] com.zaxxer.hikari.HikariDataSource - HikariPool-1 - Start completed.
2025-02-18 23:46:07,571 [WARN ] org.springframework.data.convert.CustomConversions - Registering converter from class microsoft.sql.DateTimeOffset to class java.time.OffsetDateTime as reading converter although it doesn't convert from a store-supported type; You might want to check your annotation setup at the converter implementation
2025-02-18 23:46:07,571 [WARN ] org.springframework.data.convert.CustomConversions - Registering converter from class microsoft.sql.DateTimeOffset to class java.time.Instant as reading converter although it doesn't convert from a store-supported type; You might want to check your annotation setup at the converter implementation
2025-02-18 23:46:31,279 [INFO ] org.springframework.test.context.support.AnnotationConfigContextLoaderUtils - Could not detect default configuration classes for test class [com.soria.ApiInventarios.ApiInventariosApplicationTests]: ApiInventariosApplicationTests does not declare any static, non-private, non-final, nested classes annotated with @Configuration.
2025-02-18 23:46:31,480 [INFO ] org.springframework.boot.test.context.SpringBootTestContextBootstrapper - Found @SpringBootConfiguration com.soria.ApiInventarios.ApiInventariosApplication for test class com.soria.ApiInventarios.ApiInventariosApplicationTests
2025-02-18 23:46:31,702 [INFO ] org.springframework.boot.devtools.restart.RestartApplicationListener - Restart disabled due to context in which it is running
2025-02-18 23:46:32,146 [INFO ] com.soria.ApiInventarios.ApiInventariosApplicationTests - Starting ApiInventariosApplicationTests using Java 21.0.6 with PID 15488 (started by elias in D:\propio\coppel\ApiPolizas\apiInventario)
2025-02-18 23:46:32,147 [INFO ] com.soria.ApiInventarios.ApiInventariosApplicationTests - No active profile set, falling back to 1 default profile: "default"
2025-02-18 23:46:33,481 [INFO ] org.springframework.data.repository.config.RepositoryConfigurationDelegate - Bootstrapping Spring Data JDBC repositories in DEFAULT mode.
2025-02-18 23:46:33,517 [INFO ] org.springframework.data.repository.config.RepositoryConfigurationDelegate - Finished Spring Data repository scanning in 25 ms. Found 0 JDBC repository interfaces.
2025-02-18 23:46:35,160 [INFO ] com.zaxxer.hikari.HikariDataSource - HikariPool-1 - Starting...
2025-02-18 23:46:35,704 [INFO ] com.zaxxer.hikari.pool.HikariPool - HikariPool-1 - Added connection ConnectionID:1 ClientConnectionId: 778d8bad-0d2a-4912-ae5c-ed7f6d196a74
2025-02-18 23:46:35,706 [INFO ] com.zaxxer.hikari.HikariDataSource - HikariPool-1 - Start completed.
2025-02-18 23:46:35,785 [WARN ] org.springframework.data.convert.CustomConversions - Registering converter from class microsoft.sql.DateTimeOffset to class java.time.OffsetDateTime as reading converter although it doesn't convert from a store-supported type; You might want to check your annotation setup at the converter implementation
2025-02-18 23:46:35,785 [WARN ] org.springframework.data.convert.CustomConversions - Registering converter from class microsoft.sql.DateTimeOffset to class java.time.Instant as reading converter although it doesn't convert from a store-supported type; You might want to check your annotation setup at the converter implementation
2025-02-18 23:46:36,001 [INFO ] com.soria.ApiInventarios.ApiInventariosApplicationTests - Started ApiInventariosApplicationTests in 4.317 seconds (process running for 6.108)
2025-02-18 23:46:37,479 [INFO ] com.zaxxer.hikari.HikariDataSource - HikariPool-1 - Shutdown initiated...
2025-02-18 23:46:37,492 [INFO ] com.zaxxer.hikari.HikariDataSource - HikariPool-1 - Shutdown completed.
2025-02-18 23:52:00,328 [INFO ] com.soria.ApiInventarios.ApiInventariosApplication - Starting ApiInventariosApplication v0.0.1-SNAPSHOT using Java 21.0.6 with PID 18632 (D:\propio\coppel\ApiPolizas\jars\apiInventarios\ApiInventarios-0.0.1-SNAPSHOT.jar started by elias in C:\Users\elias)
2025-02-18 23:52:00,333 [INFO ] com.soria.ApiInventarios.ApiInventariosApplication - No active profile set, falling back to 1 default profile: "default"
2025-02-18 23:52:01,875 [INFO ] org.springframework.data.repository.config.RepositoryConfigurationDelegate - Bootstrapping Spring Data JDBC repositories in DEFAULT mode.
2025-02-18 23:52:01,919 [INFO ] org.springframework.data.repository.config.RepositoryConfigurationDelegate - Finished Spring Data repository scanning in 33 ms. Found 0 JDBC repository interfaces.
2025-02-18 23:52:03,414 [INFO ] org.springframework.boot.web.embedded.tomcat.TomcatWebServer - Tomcat initialized with port 9002 (http)
2025-02-18 23:52:03,495 [INFO ] org.apache.coyote.http11.Http11NioProtocol - Initializing ProtocolHandler ["http-nio-9002"]
2025-02-18 23:52:03,498 [INFO ] org.apache.catalina.core.StandardService - Starting service [Tomcat]
2025-02-18 23:52:03,498 [INFO ] org.apache.catalina.core.StandardEngine - Starting Servlet engine: [Apache Tomcat/10.1.34]
2025-02-18 23:52:03,573 [INFO ] org.apache.catalina.core.ContainerBase.[Tomcat].[localhost].[/] - Initializing Spring embedded WebApplicationContext
2025-02-18 23:52:03,574 [INFO ] org.springframework.boot.web.servlet.context.ServletWebServerApplicationContext - Root WebApplicationContext: initialization completed in 3123 ms
2025-02-18 23:52:05,924 [INFO ] com.zaxxer.hikari.HikariDataSource - HikariPool-1 - Starting...
2025-02-18 23:52:06,730 [INFO ] com.zaxxer.hikari.pool.HikariPool - HikariPool-1 - Added connection ConnectionID:1 ClientConnectionId: cd274339-2a5c-40de-a4d1-dad7323a40b9
2025-02-18 23:52:06,735 [INFO ] com.zaxxer.hikari.HikariDataSource - HikariPool-1 - Start completed.
2025-02-18 23:52:06,947 [WARN ] org.springframework.data.convert.CustomConversions - Registering converter from class microsoft.sql.DateTimeOffset to class java.time.OffsetDateTime as reading converter although it doesn't convert from a store-supported type; You might want to check your annotation setup at the converter implementation
2025-02-18 23:52:06,954 [WARN ] org.springframework.data.convert.CustomConversions - Registering converter from class microsoft.sql.DateTimeOffset to class java.time.Instant as reading converter although it doesn't convert from a store-supported type; You might want to check your annotation setup at the converter implementation
2025-02-18 23:52:07,454 [INFO ] org.apache.coyote.http11.Http11NioProtocol - Starting ProtocolHandler ["http-nio-9002"]
2025-02-18 23:52:07,509 [INFO ] org.springframework.boot.web.embedded.tomcat.TomcatWebServer - Tomcat started on port 9002 (http) with context path '/'
2025-02-18 23:52:07,563 [INFO ] com.soria.ApiInventarios.ApiInventariosApplication - Started ApiInventariosApplication in 8.038 seconds (process running for 10.881)
2025-02-18 23:53:22,340 [INFO ] org.apache.catalina.core.ContainerBase.[Tomcat].[localhost].[/] - Initializing Spring DispatcherServlet 'dispatcherServlet'
2025-02-18 23:53:22,340 [INFO ] org.springframework.web.servlet.DispatcherServlet - Initializing Servlet 'dispatcherServlet'
2025-02-18 23:53:22,341 [INFO ] org.springframework.web.servlet.DispatcherServlet - Completed initialization in 1 ms
2025-02-18 23:53:22,524 [INFO ] com.soria.ApiInventarios.Controller.InventarioController - Inicia ObtenerActivos
2025-02-18 23:53:22,598 [INFO ] com.soria.ApiInventarios.Controller.InventarioController - Termina ObtenerActivos
2025-02-18 23:53:32,028 [INFO ] com.soria.ApiInventarios.Controller.InventarioController - Inicia ajusteInventario
2025-02-18 23:53:32,051 [INFO ] com.soria.ApiInventarios.Controller.InventarioController - Termina ajusteInventario
2025-02-19 00:01:23,939 [INFO ] com.soria.ApiInventarios.Controller.InventarioController - Inicia ObtenerActivos
2025-02-19 00:01:23,967 [INFO ] com.soria.ApiInventarios.Controller.InventarioController - Termina ObtenerActivos
2025-02-19 00:09:44,019 [INFO ] org.springframework.boot.web.embedded.tomcat.GracefulShutdown - Commencing graceful shutdown. Waiting for active requests to complete
2025-02-19 00:09:44,024 [INFO ] org.springframework.boot.web.embedded.tomcat.GracefulShutdown - Graceful shutdown complete
2025-02-19 00:09:44,029 [INFO ] com.zaxxer.hikari.HikariDataSource - HikariPool-1 - Shutdown initiated...
2025-02-19 00:09:44,037 [INFO ] com.zaxxer.hikari.HikariDataSource - HikariPool-1 - Shutdown completed.
