2025-02-18 23:30:37,606 [INFO ] com.soria.ApiPolizas.ApiPolizasApplication - Starting ApiPolizasApplication v0.0.1-SNAPSHOT using Java 21.0.6 with PID 7192 (D:\propio\coppel\ApiPolizas\apiPoliza\target\ApiPolizas-0.0.1-SNAPSHOT.jar started by elias in C:\Users\elias)
2025-02-18 23:30:37,609 [INFO ] com.soria.ApiPolizas.ApiPolizasApplication - No active profile set, falling back to 1 default profile: "default"
2025-02-18 23:30:38,957 [INFO ] org.springframework.data.repository.config.RepositoryConfigurationDelegate - Bootstrapping Spring Data JDBC repositories in DEFAULT mode.
2025-02-18 23:30:39,019 [INFO ] org.springframework.data.repository.config.RepositoryConfigurationDelegate - Finished Spring Data repository scanning in 44 ms. Found 0 JDBC repository interfaces.
2025-02-18 23:30:40,324 [INFO ] org.springframework.boot.web.embedded.tomcat.TomcatWebServer - Tomcat initialized with port 9003 (http)
2025-02-18 23:30:40,338 [INFO ] org.apache.coyote.http11.Http11NioProtocol - Initializing ProtocolHandler ["http-nio-9003"]
2025-02-18 23:30:40,341 [INFO ] org.apache.catalina.core.StandardService - Starting service [Tomcat]
2025-02-18 23:30:40,341 [INFO ] org.apache.catalina.core.StandardEngine - Starting Servlet engine: [Apache Tomcat/10.1.34]
2025-02-18 23:30:40,399 [INFO ] org.apache.catalina.core.ContainerBase.[Tomcat].[localhost].[/] - Initializing Spring embedded WebApplicationContext
2025-02-18 23:30:40,402 [INFO ] org.springframework.boot.web.servlet.context.ServletWebServerApplicationContext - Root WebApplicationContext: initialization completed in 2676 ms
2025-02-18 23:30:42,156 [INFO ] com.zaxxer.hikari.HikariDataSource - HikariPool-1 - Starting...
2025-02-18 23:30:42,746 [INFO ] com.zaxxer.hikari.pool.HikariPool - HikariPool-1 - Added connection ConnectionID:1 ClientConnectionId: 209280b0-49e2-4e59-86b3-1bbaa122f8b9
2025-02-18 23:30:42,748 [INFO ] com.zaxxer.hikari.HikariDataSource - HikariPool-1 - Start completed.
2025-02-18 23:30:42,822 [WARN ] org.springframework.data.convert.CustomConversions - Registering converter from class microsoft.sql.DateTimeOffset to class java.time.OffsetDateTime as reading converter although it doesn't convert from a store-supported type; You might want to check your annotation setup at the converter implementation
2025-02-18 23:30:42,822 [WARN ] org.springframework.data.convert.CustomConversions - Registering converter from class microsoft.sql.DateTimeOffset to class java.time.Instant as reading converter although it doesn't convert from a store-supported type; You might want to check your annotation setup at the converter implementation
2025-02-18 23:30:43,076 [INFO ] org.apache.coyote.http11.Http11NioProtocol - Starting ProtocolHandler ["http-nio-9003"]
2025-02-18 23:30:43,120 [INFO ] org.springframework.boot.web.embedded.tomcat.TomcatWebServer - Tomcat started on port 9003 (http) with context path '/'
2025-02-18 23:30:43,166 [INFO ] com.soria.ApiPolizas.ApiPolizasApplication - Started ApiPolizasApplication in 6.206 seconds (process running for 7.303)
2025-02-18 23:30:45,236 [INFO ] org.springframework.boot.web.embedded.tomcat.GracefulShutdown - Commencing graceful shutdown. Waiting for active requests to complete
2025-02-18 23:30:45,242 [INFO ] org.springframework.boot.web.embedded.tomcat.GracefulShutdown - Graceful shutdown complete
2025-02-18 23:30:45,247 [INFO ] com.zaxxer.hikari.HikariDataSource - HikariPool-1 - Shutdown initiated...
2025-02-18 23:30:45,253 [INFO ] com.zaxxer.hikari.HikariDataSource - HikariPool-1 - Shutdown completed.
2025-02-18 23:33:05,848 [INFO ] com.soria.ApiPolizas.ApiPolizasApplication - Starting ApiPolizasApplication using Java 21.0.6 with PID 47608 (D:\propio\coppel\ApiPolizas\apiPoliza\target\classes started by elias in D:\propio\coppel\ApiPolizas\apiPoliza)
2025-02-18 23:33:05,851 [INFO ] com.soria.ApiPolizas.ApiPolizasApplication - No active profile set, falling back to 1 default profile: "default"
2025-02-18 23:33:05,940 [INFO ] org.springframework.boot.devtools.env.DevToolsPropertyDefaultsPostProcessor - Devtools property defaults active! Set 'spring.devtools.add-properties' to 'false' to disable
2025-02-18 23:33:05,941 [INFO ] org.springframework.boot.devtools.env.DevToolsPropertyDefaultsPostProcessor - For additional web related logging consider setting the 'logging.level.web' property to 'DEBUG'
2025-02-18 23:33:07,055 [INFO ] org.springframework.data.repository.config.RepositoryConfigurationDelegate - Bootstrapping Spring Data JDBC repositories in DEFAULT mode.
2025-02-18 23:33:07,103 [INFO ] org.springframework.data.repository.config.RepositoryConfigurationDelegate - Finished Spring Data repository scanning in 35 ms. Found 0 JDBC repository interfaces.
2025-02-18 23:33:08,317 [INFO ] org.springframework.boot.web.embedded.tomcat.TomcatWebServer - Tomcat initialized with port 9003 (http)
2025-02-18 23:33:08,337 [INFO ] org.apache.coyote.http11.Http11NioProtocol - Initializing ProtocolHandler ["http-nio-9003"]
2025-02-18 23:33:08,341 [INFO ] org.apache.catalina.core.StandardService - Starting service [Tomcat]
2025-02-18 23:33:08,342 [INFO ] org.apache.catalina.core.StandardEngine - Starting Servlet engine: [Apache Tomcat/10.1.34]
2025-02-18 23:33:08,417 [INFO ] org.apache.catalina.core.ContainerBase.[Tomcat].[localhost].[/] - Initializing Spring embedded WebApplicationContext
2025-02-18 23:33:08,418 [INFO ] org.springframework.boot.web.servlet.context.ServletWebServerApplicationContext - Root WebApplicationContext: initialization completed in 2475 ms
2025-02-18 23:33:09,176 [INFO ] com.zaxxer.hikari.HikariDataSource - HikariPool-1 - Starting...
2025-02-18 23:33:09,632 [INFO ] com.zaxxer.hikari.pool.HikariPool - HikariPool-1 - Added connection ConnectionID:1 ClientConnectionId: 001a2029-af89-4491-871b-5fd6f4d4c1cc
2025-02-18 23:33:09,636 [INFO ] com.zaxxer.hikari.HikariDataSource - HikariPool-1 - Start completed.
2025-02-18 23:33:09,702 [WARN ] org.springframework.data.convert.CustomConversions - Registering converter from class microsoft.sql.DateTimeOffset to class java.time.OffsetDateTime as reading converter although it doesn't convert from a store-supported type; You might want to check your annotation setup at the converter implementation
2025-02-18 23:33:09,703 [WARN ] org.springframework.data.convert.CustomConversions - Registering converter from class microsoft.sql.DateTimeOffset to class java.time.Instant as reading converter although it doesn't convert from a store-supported type; You might want to check your annotation setup at the converter implementation
2025-02-18 23:33:09,894 [INFO ] org.springframework.boot.devtools.autoconfigure.OptionalLiveReloadServer - LiveReload server is running on port 35729
2025-02-18 23:33:09,913 [INFO ] org.apache.coyote.http11.Http11NioProtocol - Starting ProtocolHandler ["http-nio-9003"]
2025-02-18 23:33:09,943 [INFO ] org.springframework.boot.web.embedded.tomcat.TomcatWebServer - Tomcat started on port 9003 (http) with context path '/'
2025-02-18 23:33:09,955 [INFO ] com.soria.ApiPolizas.ApiPolizasApplication - Started ApiPolizasApplication in 4.66 seconds (process running for 5.61)
2025-02-18 23:33:12,648 [INFO ] org.springframework.boot.web.embedded.tomcat.GracefulShutdown - Commencing graceful shutdown. Waiting for active requests to complete
2025-02-18 23:33:12,653 [INFO ] org.springframework.boot.web.embedded.tomcat.GracefulShutdown - Graceful shutdown complete
2025-02-18 23:33:12,656 [INFO ] com.zaxxer.hikari.HikariDataSource - HikariPool-1 - Shutdown initiated...
2025-02-18 23:33:12,660 [INFO ] com.zaxxer.hikari.HikariDataSource - HikariPool-1 - Shutdown completed.
2025-02-18 23:33:43,873 [INFO ] org.springframework.test.context.support.AnnotationConfigContextLoaderUtils - Could not detect default configuration classes for test class [com.soria.ApiPolizas.ApiPolizasApplicationTests]: ApiPolizasApplicationTests does not declare any static, non-private, non-final, nested classes annotated with @Configuration.
2025-02-18 23:33:44,180 [INFO ] org.springframework.boot.test.context.SpringBootTestContextBootstrapper - Found @SpringBootConfiguration com.soria.ApiPolizas.ApiPolizasApplication for test class com.soria.ApiPolizas.ApiPolizasApplicationTests
2025-02-18 23:33:44,421 [INFO ] org.springframework.boot.devtools.restart.RestartApplicationListener - Restart disabled due to context in which it is running
2025-02-18 23:33:44,897 [INFO ] com.soria.ApiPolizas.ApiPolizasApplicationTests - Starting ApiPolizasApplicationTests using Java 21.0.6 with PID 3240 (started by elias in D:\propio\coppel\ApiPolizas\apiPoliza)
2025-02-18 23:33:44,899 [INFO ] com.soria.ApiPolizas.ApiPolizasApplicationTests - No active profile set, falling back to 1 default profile: "default"
2025-02-18 23:33:46,410 [INFO ] org.springframework.data.repository.config.RepositoryConfigurationDelegate - Bootstrapping Spring Data JDBC repositories in DEFAULT mode.
2025-02-18 23:33:46,468 [INFO ] org.springframework.data.repository.config.RepositoryConfigurationDelegate - Finished Spring Data repository scanning in 39 ms. Found 0 JDBC repository interfaces.
2025-02-18 23:33:48,307 [INFO ] com.zaxxer.hikari.HikariDataSource - HikariPool-1 - Starting...
2025-02-18 23:33:48,797 [INFO ] com.zaxxer.hikari.pool.HikariPool - HikariPool-1 - Added connection ConnectionID:1 ClientConnectionId: 287291a4-4c9a-467c-920a-587706764bb4
2025-02-18 23:33:48,800 [INFO ] com.zaxxer.hikari.HikariDataSource - HikariPool-1 - Start completed.
2025-02-18 23:33:48,871 [WARN ] org.springframework.data.convert.CustomConversions - Registering converter from class microsoft.sql.DateTimeOffset to class java.time.OffsetDateTime as reading converter although it doesn't convert from a store-supported type; You might want to check your annotation setup at the converter implementation
2025-02-18 23:33:48,871 [WARN ] org.springframework.data.convert.CustomConversions - Registering converter from class microsoft.sql.DateTimeOffset to class java.time.Instant as reading converter although it doesn't convert from a store-supported type; You might want to check your annotation setup at the converter implementation
2025-02-18 23:33:49,165 [INFO ] com.soria.ApiPolizas.ApiPolizasApplicationTests - Started ApiPolizasApplicationTests in 4.761 seconds (process running for 7.135)
2025-02-18 23:33:50,750 [INFO ] com.zaxxer.hikari.HikariDataSource - HikariPool-1 - Shutdown initiated...
2025-02-18 23:33:50,768 [INFO ] com.zaxxer.hikari.HikariDataSource - HikariPool-1 - Shutdown completed.
2025-02-18 23:52:12,245 [INFO ] com.soria.ApiPolizas.ApiPolizasApplication - Starting ApiPolizasApplication v0.0.1-SNAPSHOT using Java 21.0.6 with PID 41916 (D:\propio\coppel\ApiPolizas\jars\apiPolizas\ApiPolizas-0.0.1-SNAPSHOT.jar started by elias in C:\Users\elias)
2025-02-18 23:52:12,250 [INFO ] com.soria.ApiPolizas.ApiPolizasApplication - No active profile set, falling back to 1 default profile: "default"
2025-02-18 23:52:13,942 [INFO ] org.springframework.data.repository.config.RepositoryConfigurationDelegate - Bootstrapping Spring Data JDBC repositories in DEFAULT mode.
2025-02-18 23:52:14,008 [INFO ] org.springframework.data.repository.config.RepositoryConfigurationDelegate - Finished Spring Data repository scanning in 43 ms. Found 0 JDBC repository interfaces.
2025-02-18 23:52:15,482 [INFO ] org.springframework.boot.web.embedded.tomcat.TomcatWebServer - Tomcat initialized with port 9003 (http)
2025-02-18 23:52:15,502 [INFO ] org.apache.coyote.http11.Http11NioProtocol - Initializing ProtocolHandler ["http-nio-9003"]
2025-02-18 23:52:15,505 [INFO ] org.apache.catalina.core.StandardService - Starting service [Tomcat]
2025-02-18 23:52:15,505 [INFO ] org.apache.catalina.core.StandardEngine - Starting Servlet engine: [Apache Tomcat/10.1.34]
2025-02-18 23:52:15,576 [INFO ] org.apache.catalina.core.ContainerBase.[Tomcat].[localhost].[/] - Initializing Spring embedded WebApplicationContext
2025-02-18 23:52:15,578 [INFO ] org.springframework.boot.web.servlet.context.ServletWebServerApplicationContext - Root WebApplicationContext: initialization completed in 3180 ms
2025-02-18 23:52:16,671 [INFO ] com.zaxxer.hikari.HikariDataSource - HikariPool-1 - Starting...
2025-02-18 23:52:18,348 [INFO ] com.zaxxer.hikari.pool.HikariPool - HikariPool-1 - Added connection ConnectionID:1 ClientConnectionId: a3372d0e-6d17-4534-ac51-00c00e968ce0
2025-02-18 23:52:18,353 [INFO ] com.zaxxer.hikari.HikariDataSource - HikariPool-1 - Start completed.
2025-02-18 23:52:18,474 [WARN ] org.springframework.data.convert.CustomConversions - Registering converter from class microsoft.sql.DateTimeOffset to class java.time.OffsetDateTime as reading converter although it doesn't convert from a store-supported type; You might want to check your annotation setup at the converter implementation
2025-02-18 23:52:18,474 [WARN ] org.springframework.data.convert.CustomConversions - Registering converter from class microsoft.sql.DateTimeOffset to class java.time.Instant as reading converter although it doesn't convert from a store-supported type; You might want to check your annotation setup at the converter implementation
2025-02-18 23:52:18,770 [INFO ] org.apache.coyote.http11.Http11NioProtocol - Starting ProtocolHandler ["http-nio-9003"]
2025-02-18 23:52:19,338 [INFO ] org.springframework.boot.web.embedded.tomcat.TomcatWebServer - Tomcat started on port 9003 (http) with context path '/'
2025-02-18 23:52:19,395 [INFO ] com.soria.ApiPolizas.ApiPolizasApplication - Started ApiPolizasApplication in 8.387 seconds (process running for 10.587)
2025-02-18 23:52:42,165 [INFO ] com.soria.ApiPolizas.ApiPolizasApplication - Starting ApiPolizasApplication v0.0.1-SNAPSHOT using Java 21.0.6 with PID 484 (D:\propio\coppel\ApiPolizas\jars\apiPolizas\ApiPolizas-0.0.1-SNAPSHOT.jar started by elias in C:\Users\elias)
2025-02-18 23:52:42,172 [INFO ] com.soria.ApiPolizas.ApiPolizasApplication - No active profile set, falling back to 1 default profile: "default"
2025-02-18 23:52:44,029 [INFO ] org.springframework.data.repository.config.RepositoryConfigurationDelegate - Bootstrapping Spring Data JDBC repositories in DEFAULT mode.
2025-02-18 23:52:44,114 [INFO ] org.springframework.data.repository.config.RepositoryConfigurationDelegate - Finished Spring Data repository scanning in 61 ms. Found 0 JDBC repository interfaces.
2025-02-18 23:52:45,475 [INFO ] org.springframework.boot.web.embedded.tomcat.TomcatWebServer - Tomcat initialized with port 9003 (http)
2025-02-18 23:52:45,492 [INFO ] org.apache.coyote.http11.Http11NioProtocol - Initializing ProtocolHandler ["http-nio-9003"]
2025-02-18 23:52:45,495 [INFO ] org.apache.catalina.core.StandardService - Starting service [Tomcat]
2025-02-18 23:52:45,496 [INFO ] org.apache.catalina.core.StandardEngine - Starting Servlet engine: [Apache Tomcat/10.1.34]
2025-02-18 23:52:45,553 [INFO ] org.apache.catalina.core.ContainerBase.[Tomcat].[localhost].[/] - Initializing Spring embedded WebApplicationContext
2025-02-18 23:52:45,554 [INFO ] org.springframework.boot.web.servlet.context.ServletWebServerApplicationContext - Root WebApplicationContext: initialization completed in 3254 ms
2025-02-18 23:52:46,938 [INFO ] com.zaxxer.hikari.HikariDataSource - HikariPool-1 - Starting...
2025-02-18 23:52:47,546 [INFO ] com.zaxxer.hikari.pool.HikariPool - HikariPool-1 - Added connection ConnectionID:1 ClientConnectionId: 991ad7a1-cc47-4166-9e10-9f733985c333
2025-02-18 23:52:47,550 [INFO ] com.zaxxer.hikari.HikariDataSource - HikariPool-1 - Start completed.
2025-02-18 23:52:47,630 [WARN ] org.springframework.data.convert.CustomConversions - Registering converter from class microsoft.sql.DateTimeOffset to class java.time.OffsetDateTime as reading converter although it doesn't convert from a store-supported type; You might want to check your annotation setup at the converter implementation
2025-02-18 23:52:47,630 [WARN ] org.springframework.data.convert.CustomConversions - Registering converter from class microsoft.sql.DateTimeOffset to class java.time.Instant as reading converter although it doesn't convert from a store-supported type; You might want to check your annotation setup at the converter implementation
2025-02-18 23:52:47,860 [INFO ] org.apache.coyote.http11.Http11NioProtocol - Starting ProtocolHandler ["http-nio-9003"]
2025-02-18 23:52:47,873 [WARN ] org.springframework.boot.web.servlet.context.AnnotationConfigServletWebServerApplicationContext - Exception encountered during context initialization - cancelling refresh attempt: org.springframework.context.ApplicationContextException: Failed to start bean 'webServerStartStop'
2025-02-18 23:52:47,875 [INFO ] com.zaxxer.hikari.HikariDataSource - HikariPool-1 - Shutdown initiated...
2025-02-18 23:52:47,941 [INFO ] com.zaxxer.hikari.HikariDataSource - HikariPool-1 - Shutdown completed.
2025-02-18 23:52:47,970 [INFO ] org.springframework.boot.autoconfigure.logging.ConditionEvaluationReportLogger - 

Error starting ApplicationContext. To display the condition evaluation report re-run your application with 'debug' enabled.
2025-02-18 23:52:48,034 [ERROR] org.springframework.boot.diagnostics.LoggingFailureAnalysisReporter - 

***************************
APPLICATION FAILED TO START
***************************

Description:

Web server failed to start. Port 9003 was already in use.

Action:

Identify and stop the process that's listening on port 9003 or configure this application to listen on another port.

2025-02-18 23:52:57,912 [INFO ] org.apache.catalina.core.ContainerBase.[Tomcat].[localhost].[/] - Initializing Spring DispatcherServlet 'dispatcherServlet'
2025-02-18 23:52:57,912 [INFO ] org.springframework.web.servlet.DispatcherServlet - Initializing Servlet 'dispatcherServlet'
2025-02-18 23:52:57,915 [INFO ] org.springframework.web.servlet.DispatcherServlet - Completed initialization in 2 ms
2025-02-18 23:52:58,420 [INFO ] com.soria.ApiPolizas.Controller.PolizaController - Inicia obtenerPaginado
2025-02-18 23:52:58,584 [INFO ] com.soria.ApiPolizas.Controller.PolizaController - Termina ObtenerPaginado
2025-02-18 23:53:07,813 [INFO ] com.soria.ApiPolizas.Controller.PolizaController - Inicia cambiarEmpleado
2025-02-18 23:53:07,823 [INFO ] com.soria.ApiPolizas.Controller.PolizaController - Termina cambiarEmpleado
2025-02-18 23:53:08,856 [INFO ] com.soria.ApiPolizas.Controller.PolizaController - Inicia obtenerPaginado
2025-02-18 23:53:08,865 [INFO ] com.soria.ApiPolizas.Controller.PolizaController - Termina ObtenerPaginado
2025-02-18 23:53:14,125 [INFO ] com.soria.ApiPolizas.Controller.PolizaController - Inicia cambiarEmpleado
2025-02-18 23:53:14,135 [INFO ] com.soria.ApiPolizas.Controller.PolizaController - Termina cambiarEmpleado
2025-02-18 23:53:15,160 [INFO ] com.soria.ApiPolizas.Controller.PolizaController - Inicia obtenerPaginado
2025-02-18 23:53:15,166 [INFO ] com.soria.ApiPolizas.Controller.PolizaController - Termina ObtenerPaginado
2025-02-18 23:53:32,073 [INFO ] com.soria.ApiPolizas.Controller.PolizaController - Inicia Registrar
2025-02-18 23:53:32,091 [INFO ] com.soria.ApiPolizas.Controller.PolizaController - Termina Registrar
2025-02-18 23:53:33,181 [INFO ] com.soria.ApiPolizas.Controller.PolizaController - Inicia obtenerPaginado
2025-02-18 23:53:33,207 [INFO ] com.soria.ApiPolizas.Controller.PolizaController - Termina ObtenerPaginado
2025-02-19 00:01:07,510 [INFO ] com.soria.ApiPolizas.Controller.PolizaController - Inicia obtenerPaginado
2025-02-19 00:01:07,556 [INFO ] com.soria.ApiPolizas.Controller.PolizaController - Termina ObtenerPaginado
