2025-02-19 00:08:12,479 [INFO ] org.springframework.test.context.support.AnnotationConfigContextLoaderUtils - Could not detect default configuration classes for test class [com.soria.ApiPolizas.ApiPolizasApplicationTests]: ApiPolizasApplicationTests does not declare any static, non-private, non-final, nested classes annotated with @Configuration.
2025-02-19 00:08:13,215 [INFO ] org.springframework.boot.test.context.SpringBootTestContextBootstrapper - Found @SpringBootConfiguration com.soria.ApiPolizas.ApiPolizasApplication for test class com.soria.ApiPolizas.ApiPolizasApplicationTests
2025-02-19 00:08:13,584 [INFO ] org.springframework.boot.devtools.restart.RestartApplicationListener - Restart disabled due to context in which it is running
2025-02-19 00:08:14,009 [INFO ] com.soria.ApiPolizas.ApiPolizasApplicationTests - Starting ApiPolizasApplicationTests using Java 21.0.6 with PID 45844 (started by elias in D:\propio\coppel\ApiPolizas\api)
2025-02-19 00:08:14,010 [INFO ] com.soria.ApiPolizas.ApiPolizasApplicationTests - No active profile set, falling back to 1 default profile: "default"
2025-02-19 00:08:15,461 [INFO ] org.springframework.data.repository.config.RepositoryConfigurationDelegate - Bootstrapping Spring Data JDBC repositories in DEFAULT mode.
2025-02-19 00:08:15,518 [INFO ] org.springframework.data.repository.config.RepositoryConfigurationDelegate - Finished Spring Data repository scanning in 47 ms. Found 0 JDBC repository interfaces.
2025-02-19 00:08:17,956 [INFO ] com.zaxxer.hikari.HikariDataSource - HikariPool-1 - Starting...
2025-02-19 00:08:18,580 [INFO ] com.zaxxer.hikari.pool.HikariPool - HikariPool-1 - Added connection ConnectionID:1 ClientConnectionId: 0c757043-a2de-41c2-809a-1ac96c87e30a
2025-02-19 00:08:18,589 [INFO ] com.zaxxer.hikari.HikariDataSource - HikariPool-1 - Start completed.
2025-02-19 00:08:18,719 [WARN ] org.springframework.data.convert.CustomConversions - Registering converter from class microsoft.sql.DateTimeOffset to class java.time.OffsetDateTime as reading converter although it doesn't convert from a store-supported type; You might want to check your annotation setup at the converter implementation
2025-02-19 00:08:18,719 [WARN ] org.springframework.data.convert.CustomConversions - Registering converter from class microsoft.sql.DateTimeOffset to class java.time.Instant as reading converter although it doesn't convert from a store-supported type; You might want to check your annotation setup at the converter implementation
2025-02-19 00:08:19,044 [INFO ] com.soria.ApiPolizas.ApiPolizasApplicationTests - Started ApiPolizasApplicationTests in 5.481 seconds (process running for 9.036)
2025-02-19 00:08:20,668 [INFO ] com.zaxxer.hikari.HikariDataSource - HikariPool-1 - Shutdown initiated...
2025-02-19 00:08:20,683 [INFO ] com.zaxxer.hikari.HikariDataSource - HikariPool-1 - Shutdown completed.
2025-02-19 00:09:03,574 [INFO ] com.soria.ApiPolizas.ApiPolizasApplication - Starting ApiPolizasApplication v0.0.1-SNAPSHOT using Java 21.0.6 with PID 29132 (D:\propio\coppel\ApiPolizas\jars\api\ApiPolizas-0.0.1-SNAPSHOT.jar started by elias in C:\Users\elias)
2025-02-19 00:09:03,580 [INFO ] com.soria.ApiPolizas.ApiPolizasApplication - No active profile set, falling back to 1 default profile: "default"
2025-02-19 00:09:05,009 [INFO ] org.springframework.data.repository.config.RepositoryConfigurationDelegate - Bootstrapping Spring Data JDBC repositories in DEFAULT mode.
2025-02-19 00:09:05,237 [INFO ] org.springframework.data.repository.config.RepositoryConfigurationDelegate - Finished Spring Data repository scanning in 211 ms. Found 0 JDBC repository interfaces.
2025-02-19 00:09:06,601 [INFO ] org.springframework.boot.web.embedded.tomcat.TomcatWebServer - Tomcat initialized with port 9000 (http)
2025-02-19 00:09:06,637 [INFO ] org.apache.coyote.http11.Http11NioProtocol - Initializing ProtocolHandler ["http-nio-9000"]
2025-02-19 00:09:06,643 [INFO ] org.apache.catalina.core.StandardService - Starting service [Tomcat]
2025-02-19 00:09:06,643 [INFO ] org.apache.catalina.core.StandardEngine - Starting Servlet engine: [Apache Tomcat/10.1.34]
2025-02-19 00:09:06,713 [INFO ] org.apache.catalina.core.ContainerBase.[Tomcat].[localhost].[/] - Initializing Spring embedded WebApplicationContext
2025-02-19 00:09:06,714 [INFO ] org.springframework.boot.web.servlet.context.ServletWebServerApplicationContext - Root WebApplicationContext: initialization completed in 3004 ms
2025-02-19 00:09:08,422 [INFO ] com.zaxxer.hikari.HikariDataSource - HikariPool-1 - Starting...
2025-02-19 00:09:09,025 [INFO ] com.zaxxer.hikari.pool.HikariPool - HikariPool-1 - Added connection ConnectionID:1 ClientConnectionId: 2e94f490-d7bf-4fae-8a47-20e9c0f38438
2025-02-19 00:09:09,031 [INFO ] com.zaxxer.hikari.HikariDataSource - HikariPool-1 - Start completed.
2025-02-19 00:09:09,134 [WARN ] org.springframework.data.convert.CustomConversions - Registering converter from class microsoft.sql.DateTimeOffset to class java.time.OffsetDateTime as reading converter although it doesn't convert from a store-supported type; You might want to check your annotation setup at the converter implementation
2025-02-19 00:09:09,135 [WARN ] org.springframework.data.convert.CustomConversions - Registering converter from class microsoft.sql.DateTimeOffset to class java.time.Instant as reading converter although it doesn't convert from a store-supported type; You might want to check your annotation setup at the converter implementation
2025-02-19 00:09:09,508 [INFO ] org.apache.coyote.http11.Http11NioProtocol - Starting ProtocolHandler ["http-nio-9000"]
2025-02-19 00:09:09,691 [INFO ] org.springframework.boot.web.embedded.tomcat.TomcatWebServer - Tomcat started on port 9000 (http) with context path '/'
2025-02-19 00:09:09,777 [INFO ] com.soria.ApiPolizas.ApiPolizasApplication - Started ApiPolizasApplication in 6.909 seconds (process running for 8.068)
2025-02-19 00:09:21,411 [INFO ] org.apache.catalina.core.ContainerBase.[Tomcat].[localhost].[/] - Initializing Spring DispatcherServlet 'dispatcherServlet'
2025-02-19 00:09:21,411 [INFO ] org.springframework.web.servlet.DispatcherServlet - Initializing Servlet 'dispatcherServlet'
2025-02-19 00:09:21,414 [INFO ] org.springframework.web.servlet.DispatcherServlet - Completed initialization in 2 ms
2025-02-19 00:09:21,764 [INFO ] com.soria.ApiPolizas.Controller.PolizaController - Inicia obtenerPaginado
2025-02-19 00:09:21,876 [INFO ] com.soria.ApiPolizas.Controller.PolizaController - Termina ObtenerPaginado
2025-02-19 00:09:25,163 [INFO ] com.soria.ApiPolizas.Controller.EmpleadoController - Inicia ObtenerActivos
2025-02-19 00:09:25,165 [INFO ] com.soria.ApiPolizas.Controller.EmpleadoController - Inicia ObtenerPorId
2025-02-19 00:09:25,178 [INFO ] com.soria.ApiPolizas.Controller.EmpleadoController - Termina ObtenerActivos
2025-02-19 00:09:25,182 [INFO ] com.soria.ApiPolizas.Controller.EmpleadoController - Termina ObtenerActivos
2025-02-19 00:09:28,931 [INFO ] com.soria.ApiPolizas.Controller.EmpleadoController - Inicia ObtenerActivos
2025-02-19 00:09:28,940 [INFO ] com.soria.ApiPolizas.Controller.EmpleadoController - Termina ObtenerActivos
2025-02-19 00:09:28,939 [INFO ] com.soria.ApiPolizas.Controller.InventarioController - Inicia ObtenerActivos
2025-02-19 00:09:28,960 [INFO ] com.soria.ApiPolizas.Controller.InventarioController - Termina ObtenerActivos
2025-02-19 00:09:31,069 [INFO ] com.soria.ApiPolizas.Controller.PolizaController - Inicia obtenerPaginado
2025-02-19 00:09:31,073 [INFO ] com.soria.ApiPolizas.Controller.PolizaController - Termina ObtenerPaginado
2025-02-19 00:09:56,977 [INFO ] org.springframework.boot.web.embedded.tomcat.GracefulShutdown - Commencing graceful shutdown. Waiting for active requests to complete
2025-02-19 00:09:56,991 [INFO ] org.springframework.boot.web.embedded.tomcat.GracefulShutdown - Graceful shutdown complete
2025-02-19 00:09:56,999 [INFO ] com.zaxxer.hikari.HikariDataSource - HikariPool-1 - Shutdown initiated...
2025-02-19 00:09:57,007 [INFO ] com.zaxxer.hikari.HikariDataSource - HikariPool-1 - Shutdown completed.
