2025-02-18 23:37:50,445 [INFO ] com.soria.ApiPuestos.ApiPuestosApplication - Starting ApiPuestosApplication using Java 21.0.6 with PID 30416 (D:\propio\coppel\ApiPolizas\apiPuesto\target\classes started by elias in D:\propio\coppel\ApiPolizas\apiPuesto)
2025-02-18 23:37:50,450 [INFO ] com.soria.ApiPuestos.ApiPuestosApplication - No active profile set, falling back to 1 default profile: "default"
2025-02-18 23:37:50,588 [INFO ] org.springframework.boot.devtools.env.DevToolsPropertyDefaultsPostProcessor - Devtools property defaults active! Set 'spring.devtools.add-properties' to 'false' to disable
2025-02-18 23:37:50,588 [INFO ] org.springframework.boot.devtools.env.DevToolsPropertyDefaultsPostProcessor - For additional web related logging consider setting the 'logging.level.web' property to 'DEBUG'
2025-02-18 23:37:52,097 [INFO ] org.springframework.data.repository.config.RepositoryConfigurationDelegate - Bootstrapping Spring Data JDBC repositories in DEFAULT mode.
2025-02-18 23:37:52,180 [INFO ] org.springframework.data.repository.config.RepositoryConfigurationDelegate - Finished Spring Data repository scanning in 68 ms. Found 0 JDBC repository interfaces.
2025-02-18 23:37:53,348 [INFO ] org.springframework.boot.web.embedded.tomcat.TomcatWebServer - Tomcat initialized with port 9004 (http)
2025-02-18 23:37:53,367 [INFO ] org.apache.coyote.http11.Http11NioProtocol - Initializing ProtocolHandler ["http-nio-9004"]
2025-02-18 23:37:53,370 [INFO ] org.apache.catalina.core.StandardService - Starting service [Tomcat]
2025-02-18 23:37:53,370 [INFO ] org.apache.catalina.core.StandardEngine - Starting Servlet engine: [Apache Tomcat/10.1.34]
2025-02-18 23:37:53,445 [INFO ] org.apache.catalina.core.ContainerBase.[Tomcat].[localhost].[/] - Initializing Spring embedded WebApplicationContext
2025-02-18 23:37:53,449 [INFO ] org.springframework.boot.web.servlet.context.ServletWebServerApplicationContext - Root WebApplicationContext: initialization completed in 2855 ms
2025-02-18 23:37:54,292 [INFO ] com.zaxxer.hikari.HikariDataSource - HikariPool-1 - Starting...
2025-02-18 23:37:54,836 [INFO ] com.zaxxer.hikari.pool.HikariPool - HikariPool-1 - Added connection ConnectionID:1 ClientConnectionId: cf6c4f78-8e3f-4066-a246-791b633b66b8
2025-02-18 23:37:54,839 [INFO ] com.zaxxer.hikari.HikariDataSource - HikariPool-1 - Start completed.
2025-02-18 23:37:54,909 [WARN ] org.springframework.data.convert.CustomConversions - Registering converter from class microsoft.sql.DateTimeOffset to class java.time.OffsetDateTime as reading converter although it doesn't convert from a store-supported type; You might want to check your annotation setup at the converter implementation
2025-02-18 23:37:54,909 [WARN ] org.springframework.data.convert.CustomConversions - Registering converter from class microsoft.sql.DateTimeOffset to class java.time.Instant as reading converter although it doesn't convert from a store-supported type; You might want to check your annotation setup at the converter implementation
2025-02-18 23:37:55,120 [INFO ] org.springframework.boot.devtools.autoconfigure.OptionalLiveReloadServer - LiveReload server is running on port 35729
2025-02-18 23:37:55,137 [INFO ] org.apache.coyote.http11.Http11NioProtocol - Starting ProtocolHandler ["http-nio-9004"]
2025-02-18 23:37:55,176 [INFO ] org.springframework.boot.web.embedded.tomcat.TomcatWebServer - Tomcat started on port 9004 (http) with context path '/'
2025-02-18 23:37:55,193 [INFO ] com.soria.ApiPuestos.ApiPuestosApplication - Started ApiPuestosApplication in 5.529 seconds (process running for 6.554)
2025-02-18 23:38:00,607 [INFO ] org.springframework.boot.web.embedded.tomcat.GracefulShutdown - Commencing graceful shutdown. Waiting for active requests to complete
2025-02-18 23:38:00,613 [INFO ] org.springframework.boot.web.embedded.tomcat.GracefulShutdown - Graceful shutdown complete
2025-02-18 23:38:00,618 [INFO ] com.zaxxer.hikari.HikariDataSource - HikariPool-1 - Shutdown initiated...
2025-02-18 23:38:00,625 [INFO ] com.zaxxer.hikari.HikariDataSource - HikariPool-1 - Shutdown completed.
2025-02-18 23:38:49,491 [INFO ] org.springframework.test.context.support.AnnotationConfigContextLoaderUtils - Could not detect default configuration classes for test class [com.soria.ApiPuestos.ApiPuestosApplicationTests]: ApiPuestosApplicationTests does not declare any static, non-private, non-final, nested classes annotated with @Configuration.
2025-02-18 23:38:49,781 [INFO ] org.springframework.boot.test.context.SpringBootTestContextBootstrapper - Found @SpringBootConfiguration com.soria.ApiPuestos.ApiPuestosApplication for test class com.soria.ApiPuestos.ApiPuestosApplicationTests
2025-02-18 23:38:50,048 [INFO ] org.springframework.boot.devtools.restart.RestartApplicationListener - Restart disabled due to context in which it is running
2025-02-18 23:38:50,459 [INFO ] com.soria.ApiPuestos.ApiPuestosApplicationTests - Starting ApiPuestosApplicationTests using Java 21.0.6 with PID 44192 (started by elias in D:\propio\coppel\ApiPolizas\apiPuesto)
2025-02-18 23:38:50,461 [INFO ] com.soria.ApiPuestos.ApiPuestosApplicationTests - No active profile set, falling back to 1 default profile: "default"
2025-02-18 23:38:51,694 [INFO ] org.springframework.data.repository.config.RepositoryConfigurationDelegate - Bootstrapping Spring Data JDBC repositories in DEFAULT mode.
2025-02-18 23:38:51,735 [INFO ] org.springframework.data.repository.config.RepositoryConfigurationDelegate - Finished Spring Data repository scanning in 30 ms. Found 0 JDBC repository interfaces.
2025-02-18 23:38:53,575 [INFO ] com.zaxxer.hikari.HikariDataSource - HikariPool-1 - Starting...
2025-02-18 23:38:54,153 [INFO ] com.zaxxer.hikari.pool.HikariPool - HikariPool-1 - Added connection ConnectionID:1 ClientConnectionId: 257fcf09-ccf6-459a-99c7-f9355888f441
2025-02-18 23:38:54,155 [INFO ] com.zaxxer.hikari.HikariDataSource - HikariPool-1 - Start completed.
2025-02-18 23:38:54,240 [WARN ] org.springframework.data.convert.CustomConversions - Registering converter from class microsoft.sql.DateTimeOffset to class java.time.OffsetDateTime as reading converter although it doesn't convert from a store-supported type; You might want to check your annotation setup at the converter implementation
2025-02-18 23:38:54,241 [WARN ] org.springframework.data.convert.CustomConversions - Registering converter from class microsoft.sql.DateTimeOffset to class java.time.Instant as reading converter although it doesn't convert from a store-supported type; You might want to check your annotation setup at the converter implementation
2025-02-18 23:38:54,502 [INFO ] com.soria.ApiPuestos.ApiPuestosApplicationTests - Started ApiPuestosApplicationTests in 4.476 seconds (process running for 7.627)
2025-02-18 23:38:56,102 [INFO ] com.zaxxer.hikari.HikariDataSource - HikariPool-1 - Shutdown initiated...
2025-02-18 23:38:56,118 [INFO ] com.zaxxer.hikari.HikariDataSource - HikariPool-1 - Shutdown completed.
2025-02-18 23:52:51,447 [INFO ] com.soria.ApiPuestos.ApiPuestosApplication - Starting ApiPuestosApplication v0.0.1-SNAPSHOT using Java 21.0.6 with PID 45692 (D:\propio\coppel\ApiPolizas\jars\apiPuestos\ApiPuestos-0.0.1-SNAPSHOT.jar started by elias in C:\Users\elias)
2025-02-18 23:52:51,449 [INFO ] com.soria.ApiPuestos.ApiPuestosApplication - No active profile set, falling back to 1 default profile: "default"
2025-02-18 23:52:53,525 [INFO ] org.springframework.data.repository.config.RepositoryConfigurationDelegate - Bootstrapping Spring Data JDBC repositories in DEFAULT mode.
2025-02-18 23:52:53,590 [INFO ] org.springframework.data.repository.config.RepositoryConfigurationDelegate - Finished Spring Data repository scanning in 51 ms. Found 0 JDBC repository interfaces.
2025-02-18 23:52:54,532 [INFO ] org.springframework.boot.web.embedded.tomcat.TomcatWebServer - Tomcat initialized with port 9004 (http)
2025-02-18 23:52:54,555 [INFO ] org.apache.coyote.http11.Http11NioProtocol - Initializing ProtocolHandler ["http-nio-9004"]
2025-02-18 23:52:54,558 [INFO ] org.apache.catalina.core.StandardService - Starting service [Tomcat]
2025-02-18 23:52:54,558 [INFO ] org.apache.catalina.core.StandardEngine - Starting Servlet engine: [Apache Tomcat/10.1.34]
2025-02-18 23:52:54,615 [INFO ] org.apache.catalina.core.ContainerBase.[Tomcat].[localhost].[/] - Initializing Spring embedded WebApplicationContext
2025-02-18 23:52:54,617 [INFO ] org.springframework.boot.web.servlet.context.ServletWebServerApplicationContext - Root WebApplicationContext: initialization completed in 3044 ms
2025-02-18 23:52:57,455 [INFO ] com.zaxxer.hikari.HikariDataSource - HikariPool-1 - Starting...
2025-02-18 23:52:58,815 [INFO ] com.zaxxer.hikari.pool.HikariPool - HikariPool-1 - Added connection ConnectionID:1 ClientConnectionId: b8d0cf0b-2893-4dca-a150-47c87fe16450
2025-02-18 23:52:58,835 [INFO ] com.zaxxer.hikari.HikariDataSource - HikariPool-1 - Start completed.
2025-02-18 23:52:59,028 [WARN ] org.springframework.data.convert.CustomConversions - Registering converter from class microsoft.sql.DateTimeOffset to class java.time.OffsetDateTime as reading converter although it doesn't convert from a store-supported type; You might want to check your annotation setup at the converter implementation
2025-02-18 23:52:59,033 [WARN ] org.springframework.data.convert.CustomConversions - Registering converter from class microsoft.sql.DateTimeOffset to class java.time.Instant as reading converter although it doesn't convert from a store-supported type; You might want to check your annotation setup at the converter implementation
2025-02-18 23:52:59,311 [INFO ] org.apache.coyote.http11.Http11NioProtocol - Starting ProtocolHandler ["http-nio-9004"]
2025-02-18 23:52:59,347 [INFO ] org.springframework.boot.web.embedded.tomcat.TomcatWebServer - Tomcat started on port 9004 (http) with context path '/'
2025-02-18 23:52:59,387 [INFO ] com.soria.ApiPuestos.ApiPuestosApplication - Started ApiPuestosApplication in 8.858 seconds (process running for 10.567)
2025-02-19 00:09:53,090 [INFO ] org.springframework.boot.web.embedded.tomcat.GracefulShutdown - Commencing graceful shutdown. Waiting for active requests to complete
2025-02-19 00:09:53,111 [INFO ] org.springframework.boot.web.embedded.tomcat.GracefulShutdown - Graceful shutdown complete
2025-02-19 00:09:53,120 [INFO ] com.zaxxer.hikari.HikariDataSource - HikariPool-1 - Shutdown initiated...
2025-02-19 00:09:53,130 [INFO ] com.zaxxer.hikari.HikariDataSource - HikariPool-1 - Shutdown completed.
